Mono path[0] = '/home/toldo/Desktop/UniPD/AI/game/train_env_Data/Managed'
Mono config path = '/home/toldo/Desktop/UniPD/AI/game/train_env_Data/MonoBleedingEdge/etc'
Found 1 interfaces on host : 0) 192.168.1.185
Multi-casting "[IP] 192.168.1.185 [Port] 55002 [Flags] 2 [Guid] 2588103257 [EditorId] 4086029682 [Version] 1048832 [Id] LinuxPlayer(13,192.168.1.185) [Debug] 0 [PackageName] LinuxPlayer [ProjectName] Env_carAI" to [225.0.0.222:54997]...
Preloaded 'lib_burst_generated.so'
Preloaded 'libgrpc_csharp_ext.x64.so'
Initialize engine version: 2021.3.20f1 (577897200b8b)
[Subsystems] Discovering subsystems at path /home/toldo/Desktop/UniPD/AI/game/train_env_Data/UnitySubsystems
Forcing GfxDevice: Null
GfxDevice: creating device client; threaded=0; jobified=0
NullGfxDevice:
    Version:  NULL 1.0 [1.0]
    Renderer: Null Device
    Vendor:   Unity Technologies
Begin MonoManager ReloadAssembly
- Completed reload, in  0.116 seconds
ERROR: Shader Sprites/Default shader is not supported on this GPU (none of subshaders/fallbacks are suitable)
ERROR: Shader Sprites/Mask shader is not supported on this GPU (none of subshaders/fallbacks are suitable)
ERROR: Shader Legacy Shaders/VertexLit shader is not supported on this GPU (none of subshaders/fallbacks are suitable)
WARNING: Shader Unsupported: 'Standard' - All subshaders removed
WARNING: Shader Did you use #pragma only_renderers and omit this platform?
WARNING: Shader If subshaders removal was intentional, you may have forgotten turning Fallback off?
ERROR: Shader Standard shader is not supported on this GPU (none of subshaders/fallbacks are suitable)
WARNING: Shader Unsupported: 'Standard' - All subshaders removed
WARNING: Shader Did you use #pragma only_renderers and omit this platform?
WARNING: Shader If subshaders removal was intentional, you may have forgotten turning Fallback off?
WARNING: Shader Unsupported: 'Legacy Shaders/Diffuse' - All subshaders removed
WARNING: Shader Did you use #pragma only_renderers and omit this platform?
WARNING: Shader If subshaders removal was intentional, you may have forgotten turning Fallback off?
ERROR: Shader Legacy Shaders/Diffuse shader is not supported on this GPU (none of subshaders/fallbacks are suitable)
WARNING: Shader Unsupported: 'Legacy Shaders/Diffuse' - All subshaders removed
WARNING: Shader Did you use #pragma only_renderers and omit this platform?
WARNING: Shader If subshaders removal was intentional, you may have forgotten turning Fallback off?
UnloadTime: 0.875141 ms
requesting resize 1024 x 768
ArgumentException: NaN increment passed to AddReward.
  at Unity.MLAgents.Utilities.DebugCheckNanAndInfinity (System.Single value, System.String valueCategory, System.String caller) [0x00079] in /home/toldo/Desktop/erasmus/ULB/AI/NNRL-car/Env_carAI/Library/PackageCache/com.unity.ml-agents@2.0.1/Runtime/Utilities.cs:58 
  at Unity.MLAgents.Agent.AddReward (System.Single increment) [0x00001] in /home/toldo/Desktop/erasmus/ULB/AI/NNRL-car/Env_carAI/Library/PackageCache/com.unity.ml-agents@2.0.1/Runtime/Agent.cs:729 
  at CarAgent.HandleCheckpoint (UnityEngine.Transform checkpoint) [0x000cb] in /home/toldo/Desktop/erasmus/ULB/AI/NNRL-car/Env_carAI/Assets/Scripts/CarAgent.cs:192 
  at CarAgent.OnTriggerEnter (UnityEngine.Collider other) [0x00026] in /home/toldo/Desktop/erasmus/ULB/AI/NNRL-car/Env_carAI/Assets/Scripts/CarAgent.cs:136 

(Filename: /home/toldo/Desktop/erasmus/ULB/AI/NNRL-car/Env_carAI/Library/PackageCache/com.unity.ml-agents@2.0.1/Runtime/Utilities.cs Line: 58)

ArgumentException: NaN increment passed to AddReward.
  at Unity.MLAgents.Utilities.DebugCheckNanAndInfinity (System.Single value, System.String valueCategory, System.String caller) [0x00079] in /home/toldo/Desktop/erasmus/ULB/AI/NNRL-car/Env_carAI/Library/PackageCache/com.unity.ml-agents@2.0.1/Runtime/Utilities.cs:58 
  at Unity.MLAgents.Agent.AddReward (System.Single increment) [0x00001] in /home/toldo/Desktop/erasmus/ULB/AI/NNRL-car/Env_carAI/Library/PackageCache/com.unity.ml-agents@2.0.1/Runtime/Agent.cs:729 
  at CarAgent.HandleCheckpoint (UnityEngine.Transform checkpoint) [0x000cb] in /home/toldo/Desktop/erasmus/ULB/AI/NNRL-car/Env_carAI/Assets/Scripts/CarAgent.cs:192 
  at CarAgent.OnTriggerEnter (UnityEngine.Collider other) [0x00026] in /home/toldo/Desktop/erasmus/ULB/AI/NNRL-car/Env_carAI/Assets/Scripts/CarAgent.cs:136 

(Filename: /home/toldo/Desktop/erasmus/ULB/AI/NNRL-car/Env_carAI/Library/PackageCache/com.unity.ml-agents@2.0.1/Runtime/Utilities.cs Line: 58)

ArgumentException: NaN increment passed to AddReward.
  at Unity.MLAgents.Utilities.DebugCheckNanAndInfinity (System.Single value, System.String valueCategory, System.String caller) [0x00079] in /home/toldo/Desktop/erasmus/ULB/AI/NNRL-car/Env_carAI/Library/PackageCache/com.unity.ml-agents@2.0.1/Runtime/Utilities.cs:58 
  at Unity.MLAgents.Agent.AddReward (System.Single increment) [0x00001] in /home/toldo/Desktop/erasmus/ULB/AI/NNRL-car/Env_carAI/Library/PackageCache/com.unity.ml-agents@2.0.1/Runtime/Agent.cs:729 
  at CarAgent.HandleCheckpoint (UnityEngine.Transform checkpoint) [0x000cb] in /home/toldo/Desktop/erasmus/ULB/AI/NNRL-car/Env_carAI/Assets/Scripts/CarAgent.cs:192 
  at CarAgent.OnTriggerEnter (UnityEngine.Collider other) [0x00026] in /home/toldo/Desktop/erasmus/ULB/AI/NNRL-car/Env_carAI/Assets/Scripts/CarAgent.cs:136 

(Filename: /home/toldo/Desktop/erasmus/ULB/AI/NNRL-car/Env_carAI/Library/PackageCache/com.unity.ml-agents@2.0.1/Runtime/Utilities.cs Line: 58)

ArgumentException: NaN increment passed to AddReward.
  at Unity.MLAgents.Utilities.DebugCheckNanAndInfinity (System.Single value, System.String valueCategory, System.String caller) [0x00079] in /home/toldo/Desktop/erasmus/ULB/AI/NNRL-car/Env_carAI/Library/PackageCache/com.unity.ml-agents@2.0.1/Runtime/Utilities.cs:58 
  at Unity.MLAgents.Agent.AddReward (System.Single increment) [0x00001] in /home/toldo/Desktop/erasmus/ULB/AI/NNRL-car/Env_carAI/Library/PackageCache/com.unity.ml-agents@2.0.1/Runtime/Agent.cs:729 
  at CarAgent.HandleCheckpoint (UnityEngine.Transform checkpoint) [0x000cb] in /home/toldo/Desktop/erasmus/ULB/AI/NNRL-car/Env_carAI/Assets/Scripts/CarAgent.cs:192 
  at CarAgent.OnTriggerEnter (UnityEngine.Collider other) [0x00026] in /home/toldo/Desktop/erasmus/ULB/AI/NNRL-car/Env_carAI/Assets/Scripts/CarAgent.cs:136 

(Filename: /home/toldo/Desktop/erasmus/ULB/AI/NNRL-car/Env_carAI/Library/PackageCache/com.unity.ml-agents@2.0.1/Runtime/Utilities.cs Line: 58)

ArgumentException: NaN increment passed to AddReward.
  at Unity.MLAgents.Utilities.DebugCheckNanAndInfinity (System.Single value, System.String valueCategory, System.String caller) [0x00079] in /home/toldo/Desktop/erasmus/ULB/AI/NNRL-car/Env_carAI/Library/PackageCache/com.unity.ml-agents@2.0.1/Runtime/Utilities.cs:58 
  at Unity.MLAgents.Agent.AddReward (System.Single increment) [0x00001] in /home/toldo/Desktop/erasmus/ULB/AI/NNRL-car/Env_carAI/Library/PackageCache/com.unity.ml-agents@2.0.1/Runtime/Agent.cs:729 
  at CarAgent.HandleCheckpoint (UnityEngine.Transform checkpoint) [0x000cb] in /home/toldo/Desktop/erasmus/ULB/AI/NNRL-car/Env_carAI/Assets/Scripts/CarAgent.cs:192 
  at CarAgent.OnTriggerEnter (UnityEngine.Collider other) [0x00026] in /home/toldo/Desktop/erasmus/ULB/AI/NNRL-car/Env_carAI/Assets/Scripts/CarAgent.cs:136 

(Filename: /home/toldo/Desktop/erasmus/ULB/AI/NNRL-car/Env_carAI/Library/PackageCache/com.unity.ml-agents@2.0.1/Runtime/Utilities.cs Line: 58)

ArgumentException: NaN increment passed to AddReward.
  at Unity.MLAgents.Utilities.DebugCheckNanAndInfinity (System.Single value, System.String valueCategory, System.String caller) [0x00079] in /home/toldo/Desktop/erasmus/ULB/AI/NNRL-car/Env_carAI/Library/PackageCache/com.unity.ml-agents@2.0.1/Runtime/Utilities.cs:58 
  at Unity.MLAgents.Agent.AddReward (System.Single increment) [0x00001] in /home/toldo/Desktop/erasmus/ULB/AI/NNRL-car/Env_carAI/Library/PackageCache/com.unity.ml-agents@2.0.1/Runtime/Agent.cs:729 
  at CarAgent.HandleCheckpoint (UnityEngine.Transform checkpoint) [0x000cb] in /home/toldo/Desktop/erasmus/ULB/AI/NNRL-car/Env_carAI/Assets/Scripts/CarAgent.cs:192 
  at CarAgent.OnTriggerEnter (UnityEngine.Collider other) [0x00026] in /home/toldo/Desktop/erasmus/ULB/AI/NNRL-car/Env_carAI/Assets/Scripts/CarAgent.cs:136 

(Filename: /home/toldo/Desktop/erasmus/ULB/AI/NNRL-car/Env_carAI/Library/PackageCache/com.unity.ml-agents@2.0.1/Runtime/Utilities.cs Line: 58)

Setting up 4 worker threads for Enlighten.
PlayerConnection::CleanupMemory Statistics:
[ALLOC_TEMP_TLS] TLS Allocator
  StackAllocators : 
    [ALLOC_TEMP_MAIN]
      Peak usage frame count: [64.0 KB-128.0 KB]: 25007 frames, [2.0 MB-4.0 MB]: 1 frames
      Initial Block Size 4.0 MB
      Current Block Size 4.0 MB
      Peak Allocated Bytes 2.1 MB
      Overflow Count 0
    [ALLOC_TEMP_Background Job.Worker 8]
      Initial Block Size 32.0 KB
      Current Block Size 32.0 KB
      Peak Allocated Bytes 0 B
      Overflow Count 0
    [ALLOC_TEMP_Background Job.Worker 10]
      Initial Block Size 32.0 KB
      Current Block Size 32.0 KB
      Peak Allocated Bytes 0 B
      Overflow Count 0
    [ALLOC_TEMP_Job.Worker 4]
      Initial Block Size 256.0 KB
      Current Block Size 256.0 KB
      Peak Allocated Bytes 0 B
      Overflow Count 0
    [ALLOC_TEMP_Background Job.Worker 6]
      Initial Block Size 32.0 KB
      Current Block Size 32.0 KB
      Peak Allocated Bytes 0 B
      Overflow Count 0
    [ALLOC_TEMP_Background Job.Worker 1]
      Initial Block Size 32.0 KB
      Current Block Size 32.0 KB
      Peak Allocated Bytes 0 B
      Overflow Count 0
    [ALLOC_TEMP_Background Job.Worker 11]
      Initial Block Size 32.0 KB
      Current Block Size 32.0 KB
      Peak Allocated Bytes 0 B
      Overflow Count 0
    [ALLOC_TEMP_Background Job.Worker 3]
      Initial Block Size 32.0 KB
      Current Block Size 32.0 KB
      Peak Allocated Bytes 0 B
      Overflow Count 0
    [ALLOC_TEMP_BatchDeleteObjects]
      Initial Block Size 64.0 KB
      Current Block Size 64.0 KB
      Peak Allocated Bytes 0 B
      Overflow Count 0
    [ALLOC_TEMP_AUDIO_FMOD stream thread]
      Initial Block Size 64.0 KB
      Current Block Size 64.0 KB
      Peak Allocated Bytes 0 B
      Overflow Count 0
    [ALLOC_TEMP_Background Job.Worker 2]
      Initial Block Size 32.0 KB
      Current Block Size 32.0 KB
      Peak Allocated Bytes 0 B
      Overflow Count 0
    [ALLOC_TEMP_Background Job.Worker 7]
      Initial Block Size 32.0 KB
      Current Block Size 32.0 KB
      Peak Allocated Bytes 0 B
      Overflow Count 0
    [ALLOC_TEMP_Background Job.Worker 15]
      Initial Block Size 32.0 KB
      Current Block Size 32.0 KB
      Peak Allocated Bytes 0 B
      Overflow Count 0
    [ALLOC_TEMP_Job.Worker 1]
      Initial Block Size 256.0 KB
      Current Block Size 256.0 KB
      Peak Allocated Bytes 0 B
      Overflow Count 0
    [ALLOC_TEMP_Loading.PreloadManager]
      Initial Block Size 256.0 KB
      Current Block Size 480.0 KB
      Peak Allocated Bytes 386.2 KB
      Overflow Count 9
    [ALLOC_TEMP_AUDIO_FMOD PulseAudio Mixer]
      Initial Block Size 64.0 KB
      Current Block Size 64.0 KB
      Peak Allocated Bytes 0 B
      Overflow Count 0
    [ALLOC_TEMP_Profiler.Dispatcher]
      Initial Block Size 64.0 KB
      Current Block Size 64.0 KB
      Peak Allocated Bytes 0.9 KB
      Overflow Count 0
    [ALLOC_TEMP_Job.Worker 3]
      Initial Block Size 256.0 KB
      Current Block Size 256.0 KB
      Peak Allocated Bytes 0 B
      Overflow Count 0
    [ALLOC_TEMP_Background Job.Worker 12]
      Initial Block Size 32.0 KB
      Current Block Size 32.0 KB
      Peak Allocated Bytes 0 B
      Overflow Count 0
    [ALLOC_TEMP_AssetGarbageCollectorHelper] x 7
      Initial Block Size 64.0 KB
      Current Block Size 64.0 KB
      Peak Allocated Bytes 0 B
      Overflow Count 0
    [ALLOC_TEMP_Background Job.Worker 5]
      Initial Block Size 32.0 KB
      Current Block Size 32.0 KB
      Peak Allocated Bytes 0 B
      Overflow Count 0
    [ALLOC_TEMP_Background Job.Worker 13]
      Initial Block Size 32.0 KB
      Current Block Size 32.0 KB
      Peak Allocated Bytes 0 B
      Overflow Count 0
    [ALLOC_TEMP_Job.Worker 2]
      Initial Block Size 256.0 KB
      Current Block Size 256.0 KB
      Peak Allocated Bytes 0 B
      Overflow Count 0
    [ALLOC_TEMP_Background Job.Worker 0]
      Initial Block Size 32.0 KB
      Current Block Size 32.0 KB
      Peak Allocated Bytes 0 B
      Overflow Count 0
    [ALLOC_TEMP_Background Job.Worker 4]
      Initial Block Size 32.0 KB
      Current Block Size 32.0 KB
      Peak Allocated Bytes 0 B
      Overflow Count 0
    [ALLOC_TEMP_Job.Worker 0]
      Initial Block Size 256.0 KB
      Current Block Size 256.0 KB
      Peak Allocated Bytes 0 B
      Overflow Count 0
    [ALLOC_TEMP_Job.Worker 5]
      Initial Block Size 256.0 KB
      Current Block Size 256.0 KB
      Peak Allocated Bytes 0 B
      Overflow Count 0
    [ALLOC_TEMP_Background Job.Worker 14]
      Initial Block Size 32.0 KB
      Current Block Size 32.0 KB
      Peak Allocated Bytes 0 B
      Overflow Count 0
    [ALLOC_TEMP_Job.Worker 6]
      Initial Block Size 256.0 KB
      Current Block Size 256.0 KB
      Peak Allocated Bytes 0 B
      Overflow Count 0
    [ALLOC_TEMP_EnlightenWorker] x 4
      Initial Block Size 64.0 KB
      Current Block Size 64.0 KB
      Peak Allocated Bytes 0 B
      Overflow Count 0
    [ALLOC_TEMP_Background Job.Worker 9]
      Initial Block Size 32.0 KB
      Current Block Size 32.0 KB
      Peak Allocated Bytes 0 B
      Overflow Count 0
    [ALLOC_TEMP_Loading.AsyncRead]
      Initial Block Size 64.0 KB
      Current Block Size 64.0 KB
      Peak Allocated Bytes 128 B
      Overflow Count 0
[ALLOC_MEMORYPROFILER]
  Peak usage frame count: [0.5 MB-1.0 MB]: 25008 frames
  Requested Block Size 1.0 MB
  Peak Block count 1
  Peak Allocated memory 0.8 MB
  Peak Large allocation bytes 0 B
[ALLOC_DEFAULT] Dual Thread Allocator
  Peak main deferred allocation count 4
    [ALLOC_BUCKET]
      Large Block size 4.0 MB
      Used Block count 1
      Peak Allocated bytes 1.5 MB
    [ALLOC_DEFAULT_MAIN]
      Peak usage frame count: [8.0 MB-16.0 MB]: 25008 frames
      Requested Block Size 16.0 MB
      Peak Block count 2
      Peak Allocated memory 16.4 MB
      Peak Large allocation bytes 0 B
    [ALLOC_DEFAULT_THREAD]
      Peak usage frame count: [16.0 MB-32.0 MB]: 25008 frames
      Requested Block Size 16.0 MB
      Peak Block count 1
      Peak Allocated memory 19.4 MB
      Peak Large allocation bytes 16.0 MB
[ALLOC_TEMP_JOB_1_FRAME]
  Initial Block Size 2.0 MB
  Used Block Count 1
  Overflow Count (too large) 0
  Overflow Count (full) 0
[ALLOC_TEMP_JOB_2_FRAMES]
  Initial Block Size 2.0 MB
  Used Block Count 1
  Overflow Count (too large) 0
  Overflow Count (full) 0
[ALLOC_TEMP_JOB_4_FRAMES (JobTemp)]
  Initial Block Size 2.0 MB
  Used Block Count 2
  Overflow Count (too large) 0
  Overflow Count (full) 0
[ALLOC_TEMP_JOB_ASYNC (Background)]
  Initial Block Size 1.0 MB
  Used Block Count 4
  Overflow Count (too large) 0
  Overflow Count (full) 0
[ALLOC_GFX] Dual Thread Allocator
  Peak main deferred allocation count 0
    [ALLOC_BUCKET]
      Large Block size 4.0 MB
      Used Block count 1
      Peak Allocated bytes 1.5 MB
    [ALLOC_GFX_MAIN]
      Peak usage frame count: [32.0 KB-64.0 KB]: 25007 frames, [64.0 KB-128.0 KB]: 1 frames
      Requested Block Size 16.0 MB
      Peak Block count 1
      Peak Allocated memory 67.1 KB
      Peak Large allocation bytes 0 B
    [ALLOC_GFX_THREAD]
      Peak usage frame count: [32.0 KB-64.0 KB]: 25008 frames
      Requested Block Size 16.0 MB
      Peak Block count 1
      Peak Allocated memory 35.0 KB
      Peak Large allocation bytes 0 B
[ALLOC_CACHEOBJECTS] Dual Thread Allocator
  Peak main deferred allocation count 0
    [ALLOC_BUCKET]
      Large Block size 4.0 MB
      Used Block count 1
      Peak Allocated bytes 1.5 MB
    [ALLOC_CACHEOBJECTS_MAIN]
      Peak usage frame count: [1.0 MB-2.0 MB]: 25008 frames
      Requested Block Size 4.0 MB
      Peak Block count 1
      Peak Allocated memory 1.1 MB
      Peak Large allocation bytes 0 B
    [ALLOC_CACHEOBJECTS_THREAD]
      Peak usage frame count: [4.0 MB-8.0 MB]: 25007 frames, [8.0 MB-16.0 MB]: 1 frames
      Requested Block Size 4.0 MB
      Peak Block count 4
      Peak Allocated memory 12.4 MB
      Peak Large allocation bytes 0 B
[ALLOC_TYPETREE] Dual Thread Allocator
  Peak main deferred allocation count 0
    [ALLOC_BUCKET]
      Large Block size 4.0 MB
      Used Block count 1
      Peak Allocated bytes 1.5 MB
    [ALLOC_TYPETREE_MAIN]
      Peak usage frame count: [0-1.0 KB]: 25008 frames
      Requested Block Size 2.0 MB
      Peak Block count 1
      Peak Allocated memory 1.1 KB
      Peak Large allocation bytes 0 B
    [ALLOC_TYPETREE_THREAD]
      Peak usage frame count: [0-1.0 KB]: 25008 frames
      Requested Block Size 2.0 MB
      Peak Block count 0
      Peak Allocated memory 0 B
      Peak Large allocation bytes 0 B
[ALLOC_PROFILER]
  Peak usage frame count: [32.0 KB-64.0 KB]: 25008 frames
  Requested Block Size 16.0 MB
  Peak Block count 1
  Peak Allocated memory 35.0 KB
  Peak Large allocation bytes 0 B
    [ALLOC_PROFILER_BUCKET]
      Large Block size 4.0 MB
      Used Block count 1
      Peak Allocated bytes 476 B
##utp:{"type":"MemoryLeaks","version":2,"phase":"Immediate","time":1697053087482,"processId":25924,"allocatedMemory":1974083,"memoryLabels":[{"Default":9033},{"Permanent":1264},{"NewDelete":12801},{"Thread":34628},{"Manager":12815},{"VertexData":12},{"Geometry":280},{"Texture":16},{"Shader":68510},{"Material":24},{"GfxDevice":35256},{"Animation":304},{"Audio":3976},{"FontEngine":336},{"Physics":288},{"Serialization":216},{"Input":9176},{"JobScheduler":200},{"Mono":40},{"ScriptingNativeRuntime":216},{"BaseObject":1609212},{"Resource":592},{"Renderer":1936},{"Transform":48},{"File":800},{"WebCam":24},{"Culling":40},{"Terrain":953},{"Wind":24},{"String":3395},{"DynamicArray":30868},{"HashMap":7680},{"Utility":3673},{"PoolAlloc":1160},{"TypeTree":1792},{"ScriptManager":80},{"RuntimeInitializeOnLoadManager":72},{"SpriteAtlas":112},{"GI":3272},{"Unet":16},{"Director":7760},{"WebRequest":720},{"VR":45473},{"SceneManager":424},{"Video":32},{"LazyScriptCache":32},{"NativeArray":12},{"Camera":25},{"Secure":1},{"SerializationCache":624},{"APIUpdating":5872},{"Subsystems":384},{"VirtualTexturing":57552},{"AssetReference":32}]}
